[debug] [2017-09-11T09:08:25.959Z] ----------------------------------------------------------------------
[debug] [2017-09-11T09:08:25.961Z] Command:       /usr/local/bin/node /usr/local/bin/firebase deploy
[debug] [2017-09-11T09:08:25.962Z] CLI Version:   3.10.0
[debug] [2017-09-11T09:08:25.962Z] Platform:      linux
[debug] [2017-09-11T09:08:25.962Z] Node Version:  v8.4.0
[debug] [2017-09-11T09:08:25.962Z] Time:          Mon Sep 11 2017 12:08:25 GMT+0300 (EEST)
[debug] [2017-09-11T09:08:25.962Z] ----------------------------------------------------------------------
[debug] 
[debug] [2017-09-11T09:08:25.973Z] > command requires scopes: ["email","openid","https://www.googleapis.com/auth/cloudplatformprojects.readonly","https://www.googleapis.com/auth/firebase","https://www.googleapis.com/auth/cloud-platform"]
[debug] [2017-09-11T09:08:25.973Z] > authorizing via signed-in user
[debug] [2017-09-11T09:08:25.975Z] >>> HTTP REQUEST GET https://admin.firebase.com/v1/projects/sarbajanin-3b31c  
 Mon Sep 11 2017 12:08:25 GMT+0300 (EEST)
[debug] [2017-09-11T09:08:26.758Z] <<< HTTP RESPONSE 200
[debug] [2017-09-11T09:08:26.759Z] >>> HTTP REQUEST GET https://admin.firebase.com/v1/database/sarbajanin-3b31c/tokens  
 Mon Sep 11 2017 12:08:26 GMT+0300 (EEST)
[debug] [2017-09-11T09:08:27.477Z] <<< HTTP RESPONSE 200
[info] 
[info] === Deploying to 'sarbajanin-3b31c'...
[info] 
[info] i  deploying database, hosting
[info] ✔  database: rules ready to deploy.
[info] i  hosting: preparing public directory for upload...
[debug] [2017-09-11T09:08:29.910Z] >>> HTTP REQUEST PUT https://deploy.firebase.com/v1/hosting/sarbajanin-3b31c/uploads/-KtkBbPoBLDixlnJeTs7?fileCount=78&message=  
 Mon Sep 11 2017 12:08:29 GMT+0300 (EEST)
[debug] [2017-09-11T09:09:07.129Z] <<< HTTP RESPONSE 200
[debug] [2017-09-11T09:09:07.130Z] [hosting] .tgz uploaded successfully, waiting for extraction
